<?xml version="1.0" encoding="UTF-8"?>
<!-- Generated by org.testng.reporters.JUnitReportReporter -->
<testsuite hostname="mahlia" name="UserAuthentication.UserLogin" tests="5" failures="0" timestamp="16 Apr 2016 13:04:09 GMT" time="95.301" errors="0">
  <testcase name="loginUsingValidData" time="9.382" classname="UserAuthentication.UserLogin"/>
  <testcase name="loginUsingInvalidEmailFormat" time="31.381" classname="UserAuthentication.UserLogin"/>
  <testcase name="resetPassword" time="24.788" classname="UserAuthentication.UserLogin"/>
  <testcase name="loginUsingUnregisteredEmail" time="10.674" classname="UserAuthentication.UserLogin"/>
  <testcase name="loginUsingInvalidPassword" time="19.076" classname="UserAuthentication.UserLogin"/>
</testsuite> <!-- UserAuthentication.UserLogin -->
