<?xml version="1.0" encoding="UTF-8"?>
<!-- Generated by org.testng.reporters.JUnitReportReporter -->
<testsuite hostname="mahlia" name="AutomationPractice.UserAuthentication" tests="3" failures="0" timestamp="14 Apr 2016 13:22:30 GMT" time="19.648" errors="0">
  <testcase name="blankEmail" time="9.585" classname="AutomationPractice.UserAuthentication"/>
  <testcase name="validEmail" time="3.435" classname="AutomationPractice.UserAuthentication"/>
  <testcase name="invalidEmailFormat" time="6.628" classname="AutomationPractice.UserAuthentication"/>
</testsuite> <!-- AutomationPractice.UserAuthentication -->
