<?xml version="1.0" encoding="UTF-8"?>
<!-- Generated by org.testng.reporters.JUnitReportReporter -->
<testsuite hostname="mahlia" name="UserAuthentication.UserRegistration" tests="10" failures="0" timestamp="16 Apr 2016 13:04:09 GMT" time="58.078" errors="0">
  <testcase name="regUsingValidEmail" time="1.552" classname="UserAuthentication.UserRegistration"/>
  <testcase name="registerWithBlankInput" time="7.335" classname="UserAuthentication.UserRegistration"/>
  <testcase name="openAuthenticationPage" time="4.598" classname="UserAuthentication.UserRegistration"/>
  <testcase name="regUsingInvalidEmailFormat" time="6.368" classname="UserAuthentication.UserRegistration"/>
  <testcase name="openAuthenticationPage" time="6.981" classname="UserAuthentication.UserRegistration"/>
  <testcase name="regUsingValidEmail" time="0.334" classname="UserAuthentication.UserRegistration"/>
  <testcase name="openAuthenticationPage" time="7.607" classname="UserAuthentication.UserRegistration"/>
  <testcase name="regUsingValidData" time="17.465" classname="UserAuthentication.UserRegistration"/>
  <testcase name="openAuthenticationPage" time="4.353" classname="UserAuthentication.UserRegistration"/>
  <testcase name="regUsingValidEmail" time="1.485" classname="UserAuthentication.UserRegistration"/>
</testsuite> <!-- UserAuthentication.UserRegistration -->
